Flow report for ov5640_hdmi_1280x720
Tue Mar 24 14:23:13 2026
Quartus Prime Version 20.1.0 Build 711 06/05/2020 SJ Lite Edition


---------------------
; Table of Contents ;
---------------------
  1. Legal Notice
  2. Flow Summary
  3. Flow Settings
  4. Flow Non-Default Global Settings
  5. Flow Elapsed Time
  6. Flow OS Summary
  7. Flow Log
  8. Flow Messages
  9. Flow Suppressed Messages



----------------
; Legal Notice ;
----------------
Copyright (C) 2020  Intel Corporation. All rights reserved.
Your use of Intel Corporation's design tools, logic functions 
and other software and tools, and any partner logic 
functions, and any output files from any of the foregoing 
(including device programming or simulation files), and any 
associated documentation or information are expressly subject 
to the terms and conditions of the Intel Program License 
Subscription Agreement, the Intel Quartus Prime License Agreement,
the Intel FPGA IP License Agreement, or other applicable license
agreement, including, without limitation, that your use is for
the sole purpose of programming logic devices manufactured by
Intel and sold by Intel or its authorized distributors.  Please
refer to the applicable agreement for further details, at
https://fpgasoftware.intel.com/eula.



+----------------------------------------------------------------------------------+
; Flow Summary                                                                     ;
+------------------------------------+---------------------------------------------+
; Flow Status                        ; Successful - Tue Mar 24 14:23:13 2026       ;
; Quartus Prime Version              ; 20.1.0 Build 711 06/05/2020 SJ Lite Edition ;
; Revision Name                      ; ov5640_hdmi_1280x720                        ;
; Top-level Entity Name              ; ov5640_hdmi_1280x720                        ;
; Family                             ; Cyclone IV E                                ;
; Device                             ; EP4CE10F17C8                                ;
; Timing Models                      ; Final                                       ;
; Total logic elements               ; 1,530 / 10,320 ( 15 % )                     ;
;     Total combinational functions  ; 1,454 / 10,320 ( 14 % )                     ;
;     Dedicated logic registers      ; 644 / 10,320 ( 6 % )                        ;
; Total registers                    ; 660                                         ;
; Total pins                         ; 64 / 180 ( 36 % )                           ;
; Total virtual pins                 ; 0                                           ;
; Total memory bits                  ; 32,768 / 423,936 ( 8 % )                    ;
; Embedded Multiplier 9-bit elements ; 0 / 46 ( 0 % )                              ;
; Total PLLs                         ; 2 / 2 ( 100 % )                             ;
+------------------------------------+---------------------------------------------+


+------------------------------------------+
; Flow Settings                            ;
+-------------------+----------------------+
; Option            ; Setting              ;
+-------------------+----------------------+
; Start date & time ; 03/24/2026 14:22:49  ;
; Main task         ; Compilation          ;
; Revision Name     ; ov5640_hdmi_1280x720 ;
+-------------------+----------------------+


+-----------------------------------------------------------------------------------------------------------------------------+
; Flow Non-Default Global Settings                                                                                            ;
+-------------------------------------+----------------------------------------+---------------+-------------+----------------+
; Assignment Name                     ; Value                                  ; Default Value ; Entity Name ; Section Id     ;
+-------------------------------------+----------------------------------------+---------------+-------------+----------------+
; COMPILER_SIGNATURE_ID               ; 2542705984547.177433336927816          ; --            ; --          ; --             ;
; EDA_OUTPUT_DATA_FORMAT              ; Verilog Hdl                            ; --            ; --          ; eda_simulation ;
; EDA_SIMULATION_TOOL                 ; ModelSim (Verilog)                     ; <None>        ; --          ; --             ;
; EDA_TIME_SCALE                      ; 1 ps                                   ; --            ; --          ; eda_simulation ;
; MAX_CORE_JUNCTION_TEMP              ; 85                                     ; --            ; --          ; --             ;
; MIN_CORE_JUNCTION_TEMP              ; 0                                      ; --            ; --          ; --             ;
; MISC_FILE                           ; ip_core/fifo_data/fifo_data_inst.v     ; --            ; --          ; --             ;
; MISC_FILE                           ; ip_core/fifo_data/fifo_data_bb.v       ; --            ; --          ; --             ;
; MISC_FILE                           ; ip_core/ddio_out/ddio_out.bsf          ; --            ; --          ; --             ;
; MISC_FILE                           ; ip_core/ddio_out/ddio_out_inst.v       ; --            ; --          ; --             ;
; MISC_FILE                           ; ip_core/ddio_out/ddio_out_bb.v         ; --            ; --          ; --             ;
; MISC_FILE                           ; ip_core/ddio_out/ddio_out.inc          ; --            ; --          ; --             ;
; MISC_FILE                           ; ip_core/ddio_out/ddio_out.cmp          ; --            ; --          ; --             ;
; MISC_FILE                           ; ip_core/ddio_out/ddio_out.ppf          ; --            ; --          ; --             ;
; MISC_FILE                           ; ip_core/clk_gen/clk_gen_inst.v         ; --            ; --          ; --             ;
; MISC_FILE                           ; ip_core/clk_gen/clk_gen_bb.v           ; --            ; --          ; --             ;
; MISC_FILE                           ; ip_core/clk_gen/clk_gen.ppf            ; --            ; --          ; --             ;
; MISC_FILE                           ; ip_core/clk_hdmi/clk_hdmi_inst.v       ; --            ; --          ; --             ;
; MISC_FILE                           ; ip_core/clk_hdmi/clk_hdmi_bb.v         ; --            ; --          ; --             ;
; MISC_FILE                           ; ip_core/clk_hdmi/clk_hdmi.ppf          ; --            ; --          ; --             ;
; OUTPUT_IO_TIMING_FAR_END_VMEAS      ; Half Signal Swing                      ; --            ; --          ; --             ;
; OUTPUT_IO_TIMING_FAR_END_VMEAS      ; Half Signal Swing                      ; --            ; --          ; --             ;
; OUTPUT_IO_TIMING_NEAR_END_VMEAS     ; Half Vccio                             ; --            ; --          ; --             ;
; OUTPUT_IO_TIMING_NEAR_END_VMEAS     ; Half Vccio                             ; --            ; --          ; --             ;
; PARTITION_COLOR                     ; -- (Not supported for targeted family) ; --            ; --          ; Top            ;
; PARTITION_FITTER_PRESERVATION_LEVEL ; -- (Not supported for targeted family) ; --            ; --          ; Top            ;
; PARTITION_NETLIST_TYPE              ; -- (Not supported for targeted family) ; --            ; --          ; Top            ;
; POWER_BOARD_THERMAL_MODEL           ; None (CONSERVATIVE)                    ; --            ; --          ; --             ;
; POWER_PRESET_COOLING_SOLUTION       ; 23 MM HEAT SINK WITH 200 LFPM AIRFLOW  ; --            ; --          ; --             ;
; PROJECT_OUTPUT_DIRECTORY            ; output_files                           ; --            ; --          ; --             ;
+-------------------------------------+----------------------------------------+---------------+-------------+----------------+


+--------------------------------------------------------------------------------------------------------------------------+
; Flow Elapsed Time                                                                                                        ;
+----------------------+--------------+-------------------------+---------------------+------------------------------------+
; Module Name          ; Elapsed Time ; Average Processors Used ; Peak Virtual Memory ; Total CPU Time (on all processors) ;
+----------------------+--------------+-------------------------+---------------------+------------------------------------+
; Analysis & Synthesis ; 00:00:10     ; 1.0                     ; 4900 MB             ; 00:00:17                           ;
; Fitter               ; 00:00:07     ; 1.3                     ; 6361 MB             ; 00:00:18                           ;
; Assembler            ; 00:00:00     ; 1.0                     ; 4698 MB             ; 00:00:00                           ;
; Timing Analyzer      ; 00:00:02     ; 1.3                     ; 4922 MB             ; 00:00:02                           ;
; EDA Netlist Writer   ; 00:00:00     ; 1.0                     ; 4662 MB             ; 00:00:00                           ;
; Total                ; 00:00:19     ; --                      ; --                  ; 00:00:37                           ;
+----------------------+--------------+-------------------------+---------------------+------------------------------------+


+------------------------------------------------------------------------------------+
; Flow OS Summary                                                                    ;
+----------------------+------------------+------------+------------+----------------+
; Module Name          ; Machine Hostname ; OS Name    ; OS Version ; Processor type ;
+----------------------+------------------+------------+------------+----------------+
; Analysis & Synthesis ; LAPTOP-CE0BTDJ2  ; Windows 10 ; 10.0       ; x86_64         ;
; Fitter               ; LAPTOP-CE0BTDJ2  ; Windows 10 ; 10.0       ; x86_64         ;
; Assembler            ; LAPTOP-CE0BTDJ2  ; Windows 10 ; 10.0       ; x86_64         ;
; Timing Analyzer      ; LAPTOP-CE0BTDJ2  ; Windows 10 ; 10.0       ; x86_64         ;
; EDA Netlist Writer   ; LAPTOP-CE0BTDJ2  ; Windows 10 ; 10.0       ; x86_64         ;
+----------------------+------------------+------------+------------+----------------+


------------
; Flow Log ;
------------
quartus_map --read_settings_files=on --write_settings_files=off ov5640_hdmi_1280x720 -c ov5640_hdmi_1280x720
quartus_fit --read_settings_files=off --write_settings_files=off ov5640_hdmi_1280x720 -c ov5640_hdmi_1280x720
quartus_asm --read_settings_files=off --write_settings_files=off ov5640_hdmi_1280x720 -c ov5640_hdmi_1280x720
quartus_sta ov5640_hdmi_1280x720 -c ov5640_hdmi_1280x720
quartus_eda --read_settings_files=off --write_settings_files=off ov5640_hdmi_1280x720 -c ov5640_hdmi_1280x720



